SF:lib\core\jogo.dart
DA:25,2
DA:39,2
DA:40,2
DA:41,2
DA:43,2
DA:46,2
DA:47,4
DA:48,4
DA:50,1
DA:51,2
DA:55,1
DA:56,2
DA:61,4
DA:63,6
DA:72,2
DA:77,2
DA:78,2
DA:79,2
DA:80,2
DA:82,2
DA:96,2
DA:97,4
DA:98,2
DA:99,2
LF:24
LH:24
end_of_record
SF:lib\core\rules\empatar.dart
DA:6,1
DA:8,3
LF:2
LH:2
end_of_record
SF:lib\core\rules\vencer.dart
DA:9,1
DA:18,1
DA:20,3
DA:21,3
DA:23,3
DA:25,1
LF:6
LH:6
end_of_record
SF:lib\core\status_jogo.dart
DA:1,5
LF:1
LH:1
end_of_record
SF:lib\core\severino.dart
DA:8,2
DA:10,1
DA:12,1
DA:13,1
DA:14,2
DA:15,3
LF:6
LH:6
end_of_record
SF:lib\core\player.dart
DA:3,1
LF:1
LH:1
end_of_record
SF:lib\pages\menu_page.dart
DA:4,1
DA:6,1
DA:7,1
DA:11,1
DA:13,1
DA:14,1
DA:15,2
DA:16,2
DA:17,1
DA:18,1
DA:20,1
DA:24,1
DA:25,1
DA:26,1
DA:27,1
DA:29,1
DA:30,1
DA:32,1
DA:41,1
DA:42,1
DA:48,1
DA:49,1
DA:50,1
DA:52,1
DA:53,1
DA:55,1
DA:62,1
DA:63,1
DA:69,1
DA:70,1
DA:71,1
DA:73,1
DA:74,1
DA:76,1
DA:83,1
DA:84,1
LF:36
LH:36
end_of_record
SF:lib\pages\placar_page.dart
DA:6,1
DA:8,1
DA:9,1
DA:13,1
DA:15,1
DA:16,1
DA:17,1
DA:18,1
DA:19,1
DA:20,1
DA:21,1
DA:27,1
DA:28,1
DA:29,1
DA:30,1
DA:35,1
DA:37,1
DA:39,1
DA:40,1
DA:41,2
DA:45,1
DA:46,2
DA:51,3
DA:55,3
DA:68,1
DA:69,1
DA:71,1
DA:75,1
DA:76,1
DA:77,1
DA:78,1
DA:80,1
DA:81,0
DA:83,0
DA:92,1
DA:93,1
DA:99,1
DA:100,1
DA:101,1
DA:103,1
DA:104,0
DA:106,0
DA:113,1
DA:114,1
DA:120,1
DA:121,1
DA:122,1
DA:124,1
DA:125,0
DA:127,0
DA:134,1
DA:135,1
LF:52
LH:46
end_of_record
SF:lib\pages\regras_page.dart
DA:4,1
DA:6,1
DA:7,1
DA:11,1
DA:13,1
DA:16,1
DA:17,1
DA:18,2
DA:19,1
DA:20,1
DA:26,1
DA:47,1
DA:48,1
DA:50,1
DA:54,1
DA:55,1
DA:56,1
DA:57,1
DA:59,1
DA:60,1
DA:62,1
DA:72,1
DA:73,1
DA:79,1
DA:80,1
DA:81,1
DA:83,1
DA:84,1
DA:86,1
DA:94,1
DA:95,1
DA:101,1
DA:102,1
DA:103,1
DA:105,1
DA:106,1
DA:107,1
DA:114,1
DA:115,1
LF:39
LH:39
end_of_record
