SF:lib\core\jogo.dart
DA:25,1
DA:33,0
DA:35,0
DA:36,0
DA:37,0
DA:47,1
DA:48,1
DA:49,1
DA:51,1
DA:54,1
DA:55,2
DA:56,1
DA:58,1
DA:59,2
DA:63,1
DA:64,2
DA:69,2
DA:71,1
DA:80,1
DA:85,1
DA:86,1
DA:87,1
DA:88,1
DA:90,1
DA:104,1
DA:105,2
DA:106,1
DA:107,1
LF:28
LH:24
end_of_record
SF:lib\core\rules\empatar.dart
DA:6,0
DA:8,0
LF:2
LH:0
end_of_record
SF:lib\core\rules\vencer.dart
DA:9,0
DA:18,0
DA:20,0
DA:21,0
DA:23,0
LF:5
LH:0
end_of_record
SF:lib\core\severino.dart
DA:6,2
DA:8,1
DA:9,1
DA:10,1
DA:11,2
DA:12,2
LF:6
LH:6
end_of_record
SF:lib\core\status_jogo.dart
DA:1,3
LF:1
LH:1
end_of_record
SF:lib\core\player.dart
DA:3,1
LF:1
LH:1
end_of_record
SF:lib\pages\regras_page.dart
DA:4,2
DA:6,1
DA:7,1
DA:11,1
DA:17,1
DA:20,1
DA:21,1
DA:22,2
DA:23,1
DA:24,1
DA:30,1
DA:51,1
DA:52,1
DA:54,1
DA:58,1
DA:59,1
DA:60,1
DA:61,1
DA:63,1
DA:64,0
DA:65,0
DA:74,1
DA:75,1
DA:81,1
DA:82,1
DA:83,1
DA:85,1
DA:86,0
DA:87,0
DA:94,1
DA:95,1
DA:96,1
DA:101,1
DA:102,1
DA:103,1
DA:105,1
DA:106,0
DA:107,0
DA:115,1
DA:116,1
DA:117,1
LF:41
LH:35
end_of_record
SF:lib\app_widget.dart
DA:15,1
DA:17,1
DA:19,1
DA:20,0
DA:21,1
DA:23,1
DA:25,1
DA:31,1
DA:32,1
DA:33,0
DA:34,0
DA:35,0
DA:36,0
LF:13
LH:8
end_of_record
SF:lib\pages\diputa_page.dart
DA:12,0
DA:16,2
DA:18,0
DA:20,0
DA:21,0
DA:42,0
DA:44,0
DA:47,0
DA:49,0
DA:51,0
DA:52,0
DA:53,0
DA:55,0
DA:56,0
DA:57,0
DA:60,0
DA:63,0
DA:65,0
DA:67,0
DA:68,0
DA:69,0
DA:72,0
DA:73,0
DA:75,0
DA:81,0
DA:83,0
DA:84,0
DA:86,0
DA:87,0
DA:102,0
DA:104,0
DA:105,0
DA:107,0
DA:108,0
DA:117,0
DA:118,0
DA:119,0
DA:120,0
DA:121,0
DA:124,0
DA:125,0
DA:126,0
DA:130,0
LF:43
LH:1
end_of_record
SF:lib\pages\escolha_page.dart
DA:8,1
DA:12,0
DA:13,0
DA:20,0
DA:22,0
DA:23,0
DA:24,0
DA:26,0
DA:27,0
DA:29,0
DA:38,0
DA:45,0
DA:52,0
DA:67,1
DA:71,0
DA:76,0
DA:78,0
DA:79,0
DA:80,0
DA:82,0
DA:83,0
DA:85,0
DA:87,0
DA:92,0
DA:94,0
DA:95,0
LF:26
LH:2
end_of_record
SF:lib\pages\menu_page.dart
DA:4,1
DA:6,1
DA:7,1
DA:11,1
DA:13,1
DA:14,1
DA:15,2
DA:16,2
DA:17,1
DA:18,1
DA:20,1
DA:24,1
DA:25,1
DA:26,1
DA:27,1
DA:29,1
DA:30,0
DA:31,0
DA:40,1
DA:41,1
DA:42,1
DA:47,1
DA:48,1
DA:49,1
DA:51,1
DA:52,0
DA:53,0
DA:60,1
DA:61,1
DA:62,1
DA:67,1
DA:68,1
DA:69,1
DA:71,1
DA:72,0
DA:73,0
DA:80,1
DA:81,1
DA:82,1
LF:39
LH:33
end_of_record
SF:lib\pages\placar_page.dart
DA:6,1
DA:8,0
DA:9,0
DA:13,0
DA:15,0
DA:16,0
DA:17,0
DA:18,0
DA:19,0
DA:20,0
DA:21,0
DA:22,0
DA:23,0
DA:25,0
DA:26,0
DA:27,0
DA:28,0
DA:33,0
DA:35,0
DA:37,0
DA:38,0
DA:39,0
DA:40,0
DA:44,0
DA:45,0
DA:46,0
DA:51,0
DA:52,0
DA:56,0
DA:57,0
DA:70,0
DA:71,0
DA:73,0
DA:77,0
DA:78,0
DA:79,0
DA:80,0
DA:82,0
DA:83,0
DA:84,0
DA:93,0
DA:94,0
DA:100,0
DA:101,0
DA:102,0
DA:104,0
DA:105,0
DA:106,0
DA:113,0
DA:114,0
DA:115,0
DA:120,0
DA:121,0
DA:122,0
DA:124,0
DA:125,0
DA:126,0
DA:133,0
DA:134,0
DA:135,0
LF:60
LH:1
end_of_record
